=<span class="title">AMD Zen OpenCore 0.6.0</span><br/>
# Generic config suitable for initial installation
# OpenCore v0.6.0 AMD Zen Sanity Check
=<a href="https://dortania.github.io/OpenCore-Install-Guide/AMD/zen.html">https://dortania.github.io/OpenCore-Install-Guide/AMD/zen.html</a>
=<hr>
# [kernel]:https://dortania.github.io/OpenCore-Install-Guide/AMD/zen.html#kernel
# [acpi]:https://dortania.github.io/OpenCore-Install-Guide/AMD/zen.html#acpi
# [kexts]:https://dortania.github.io/OpenCore-Install-Guide/ktext.html#kexts
# [debug]:https://dortania.github.io/OpenCore-Install-Guide/troubleshooting/debug.html
# [scanpolicy]:https://dortania.github.io/OpenCore-Install-Guide/post-install/security.html#scanpolicy
# [platforminfo]:https://dortania.github.io/OpenCore-Install-Guide/AMD/zen.html#platforminfo

ACPI
:Add
 count==0 "-SSDT 파일이 없습니다. 참고<a href="https://dortania.github.io/OpenCore-Install-Guide/AMD/zen.html#acpi">[ACPI Docs]</a>"
 [Path]==DSDT.aml "-<b>{$Path}</b> DSDT.AML은 추가하지 않습니다. [ACPI Docs][acpi] 문서참고."
 [Path]==SSDT-1.aml "-<b>{$Path}</b> 샘플 SSDT 입니다."
 [Path]~=".dsl$" "!<b>{$Path}</b> .aml 만 지원합니다. dsl 파일은 컴파일해서 첨부"
 [Enabled]==no "-<b>{$Path}</b> is <b>disabled</b>. 경고 메세지지를 제거하기 위해서는 활성화 시키거나 지워주세요."
 [Path]==SSDT-EC-USBX-DESKTOP.aml&SSDT-EC.aml "-<b>{$Path}</b> 동시 사용 금지 <b>SSDT-EC-USBX-DESKTOP</b> and <b>SSDT-EC</b>"
 [Path]~=-EC.+aml :"%SSDT-EC.aml 또는 SSDT-EC-USBX-DESKTOP.aml. 이 필요 [ACPI Docs][acpi] 문서 참고"
 [Path]~=AWAC.+aml "-<b>{$Path}</b> 는 AMD 에 필요하지 않습니다."
 [Path]~=RTC0.+aml "-<b>{$Path}</b> 는 AMD 에 필요하지 않습니다."
 [Path]~=ALS0.+aml "-<b>{$Path}</b> 는 AMD 에 필요하지 않습니다."
 [Path]==SSDT-PMC.aml "-<b>{$Path}</b> 는 AMD 에 필요하지 않습니다."
 [Path]==SSDT-PNLF.aml "-<b>{$Path}</b> 는 AMD 에 필요하지 않습니다."
 [Path]==SSDT-SBUS-MCHC.aml "-<b>{$Path}</b> 는 AMD 에 필요하지 않습니다."
 [Path]==* " <b>{$Path}</b> OC/ACPI 폴더에 위치 해야 합니다."

:Quirks
 count==5
 FadtEnableReset=no
 NormalizeHeaders=no
 RebaseRegions=no
 ResetHwSig=no
 ResetLogoStatus=no

:Patch
 count>15 "커널 패치는 커널 섹션에 추가해야 합니다. 참고 [Kernel Docs][kernel]"

Booter

:Quirks
 AvoidRuntimeDefrag=yes
 DevirtualiseMmio=no
 DisableSingleUser=no
 DisableVariableWrite=no
 DiscardHibernateMap=no
 EnableSafeModeSlide=yes
 EnableWriteUnprotector=yes
 ForceExitBootServices=no
 ProtectCsmRegion~=.* "!<b>{$setting}</b> 0.5.7 이후 <b>ProtectMemoryRegions</b> 를 사용 합니다."
 ProtectMemoryRegions=no
 ProtectSecureBoot=no
 ProtectUefiServices=no
 ProvideCustomSlide=yes
 RebuildAppleMemoryMap=yes
 SetupVirtualMap=yes
 ShrinkMemoryMap~=.* "!<b>{$setting}</b> OpenCore v0.5.7 이후로 <b>RebuildAppleMemoryMap</b> 를 사용합니다."
 SignalAppleOS=no
 SyncRuntimePermissions=no
 ProvideMaxSlide~=.* "<b>{$setting}</b> = <b>{$value}</b>":"!--><b><font colore=red>ProvideMaxSlide</font></b>missing"

DeviceProperties

Kernel

:Add
 count==0 "필수 켁스트 Lilu.kext 와 VirtualSMC.kext.가 필요합니다. 참고 [Kexts Docs][kexts]"
 [BundlePath]==Lilu.kext " <b>Lilu.kext</b> 는 <b>OC/Kexts</b>에 추가후 커널섹션 리스트 최상위에 위치 해야 합니다.":"!<b>Lilu.kext</b> 가 추가되지 않았습니다. 커널 섹션 리스트 최상위에 추가 시켜주세요."
 [BundlePath]==FakeSMC.kext&VirtualSMC.kext "-<b>{$BundlePath}</b> <b>FakeSMC.kext</b> 와 <b>VirtualSMC.kext</b> 는 동시 사용 불가능"
 [BundlePath]!=FakeSMC.kext|VirtualSMC.kext "-<b>FakeSMC.kext</b> 와 <b>VirtualSMC.kext</b> 둘중에 하나 사용 필요"
 [BundlePath]==VoodooHDA.kext&AppleALC.kext "-<b>{$BundlePath}</b> b>VoodooHDA.kext</b> 와 <b>AppleALC.kext</b>는 동시 사용 불가능"
 [BundlePath]==AppleALC.kext "$alcbootarg='-<b>{$setting}</b> = <b>{$value}</b> <b>alcid=</b><_layout_\> 추가 필요":"$alcbootarg=;"
 [BundlePath]==SMCProcessor.kext       "!<b>{$BundlePath}</b> AMD와 호환되지 않는 VirtualSMC 플러그인"
 [BundlePath]==SMCSuperIO.kext         "!<b>{$BundlePath}</b> AMD와 호환되지 않는 VirtualSMC 플러그인"
 [BundlePath]==SMCLightSensor.kext     "!<b>{$BundlePath}</b> AMD와 호환되지 않는 VirtualSMC 플러그인"
 [BundlePath]==SMCBatteryManager.kext  "!<b>{$BundlePath}</b> AMD와 호환되지 않는 VirtualSMC 플러그인"
 [BundlePath]==IntelMausiEthernet.kext "-<b>{$BundlePath}</b> AMD와 호환되지 않을수도 있는 kext"
 [BundlePath]==IntelMausi.kext "-<b>{$BundlePath}</b> AMD와 호환되지 않을수도 있는 kext"
 [BundlePath]==AppleIGB.kext "-<b>{$BundlePath}</b> AMD와 호환되지 않을수도 있는 kext"
 [BundlePath]==SmallTree-Intel-211-AT-PCIe-GBE.kext "-<b>{$BundlePath}</b> 동작하겠지만 <b>SmallTreeIntel82576.kext</b>를 추천"
 [BundlePath]==NullCPUPowerManagement.kext "!<b>{$BundlePath}</b> 해당 켁스트 사용 대신에 <b>DummyPowerManagement</b> quirk 값을 사용을 추천"
 [BundlePath]==USBInjectAll.kext "!<b>{$BundlePath}</b> AMD와 호환되지 않는 Kext"
 [BundlePath]==Legacy_USB3.kext "!<b>{$BundlePath}</b> 지워주세요."
 [BundlePath]!=WhateverGreen.kext "-<b>WhateverGreen.kext</b> kext 가 없습니다. 참고 [Kexts Docs][kexts]"
 [BundlePath]==* " <b>{$BundlePath}</b> <b>OC/Kexts</b> 폴더에 위치 해야 합니다."

:Patch
 count<20 "!<b>{$count}</b> 건 패치 발견 - 참고 [Kernel Docs][kernel]"
 count>19 " AMD 커널 패치"
 [MatchOS]~=.+ "!클로버용 패치 사용중"
 [Replace]~=\xbb\xbc\x4f\xea\x78\xe9\x5d\x00\x00\x00\x90 " Catalina 10.15.4 CPUFAMILY_INTEL_PENRYN 용 패치발견":"-Catalina 10.15.4 CPUFAMILY_INTEL_PENRYN 패치가 존재하지 않거나 오류가 있습니다"

:Quirks
 AppleCpuPmCfgLock=no
 AppleXcpmCfgLock=no
 AppleXcpmExtraMsrs=no
 AppleXcpmForceBoost=no
 CustomSMBIOSGuid=no
 DisableIoMapper=no
 DisableRtcChecksum=no
 DummyPowerManagement=yes
 ExternalDiskIcons=no
 IncreasePciBarSize=no
 LapicKernelPanic~=.* " <b>{$setting}</b> = <b>{$value}</b>"
 PanicNoKextDump=yes
 PowerTimeoutKernelPanic=yes
 ThirdPartyDrives=no
 XhciPortLimit=yes " <b>{$setting}</b> = <b>{$value}</b> USB 포트 맵핑후 비활성화":" <b>{$setting}</b> = <b>{$value}</b> USB 포트 맵핑 전 활성화"

Misc
:Boot
 BuiltinTextRenderer~=.* "!<b>{$setting}</b> OpenCore v0.5.6 부터 사용되지 않습니다.- See UEFI/TextRenderer"
 ConsoleBehaviourOs~=.* "!<b>{$setting}</b> OpenCore v0.5.6 부터 사용되지 않습니다."
 ConsoleBehaviourUi~="" "!<b>{$setting}</b> OpenCore v0.5.6 부터 사용되지 않습니다."
 ConsoleMode~=.* "!<b>{$setting}</b> OpenCore v0.5.6 이후 UEFI/Output section로 이동"
 Resolution~=.* "!<b>{$setting}</b> OpenCore v0.5.6 이후 UEFI/Output section로 이동"
 ConsoleAttributes~=.* " <b>{$setting}</b> = <b>{$value}</b>"
 HideSelf~=.* "!<b>{$setting}</b> OpenCore v0.5.9 부터 사용되지 않습니다."
 PollAppleHotKeys=no
 ShowPicker=yes
 UsePicker~=.* "!<b>{$setting}</b> OpenCore v0.5.6 부터 사용되지 않습니다."
 TakeoffDelay=0
 HibernateMode=None
 PickerMode~=(Builtin|External) " <b>{$setting}</b> = <b>{$value}</b>":"!<b>{$setting}</b> = <b>{$value}</b> <b>Builtin</b> 또는 <b>External</b> 로 설정되어야 합니다."
 HideAuxiliary=no
 PickerAttributes~=.* " <b>{$setting}</b> = <b>{$value}</b>"
 PickerAudioAssist=no
 Timeout=5

:Debug
 AppleDebug=no
 ApplePanic=yes
 DisableWatchDog=yes :" <b>{$setting}</b> 디버깅 용도"
 Target=67 :" <b>{$setting}</b> 참고 [Debugging Docs][debug]"
 DisplayLevel=2147483714 :" <b>{$setting}</b> 참고 [Debugging Docs][debug]"
 DisplayDelay=0
 SysReport=no : " -->OpenCore 0.6.0 Debug version 용<b>{$setting}</b>=yes"

:Entries
 [Arguments]~=debug "!<b>Arguments</b> = <b>{$Arguments}</b> boot-args 는 nvram 섹션을 이용."

:Security
 AllowNvramReset=yes
 AllowSetDefault=yes
 AuthRestart=no
 BlacklistAppleUpdate=yes
 BootProtect=Bootstrap
 RequireSignature~=.* "!<b>{$setting}</b> OpenCore v0.5.6 부터 사용되지 않습니다. - See Vault"
 RequireVault~=.* "!<b>{$setting}</b> OpenCore v0.5.6 부터 사용되지 않습니다. - See Vault"
 Vault=Optional
 HaltLevel=2147483648
 ExposeSensitiveData=6 :" <b>{$setting}</b> = <b>{$value}</b>"
 ScanPolicy=0 :"-<b>{$setting}</b> = <b>{$value}</b>. 초기 설정은 0 이후 변경은 참고 [Scanpolicy Docs][scanpolicy] "

:Tools
 count==0 " You removed the tool EFIs":"%TOOLs 를 삭제 할수 있습니다."

NVRAM
 LegacyEnable=no
 LegacyOverwrite=no
 WriteFlash=yes

:Add
::4D1EDE05-38C7-4A6A-9CC6-4BCCA8B38C14
 UIScale~=(01|02) " <b>{$setting}</b> = <b>{$value}</b>":" <b>{$setting}</b> = <b>{$value}</b> 추천값<b>01</b> or <b>02</b>"
 DefaultBackgroundColor~=.* " <b>{$setting}</b> = <b>{$value}</b>"

::7C436110-AB2A-4BBB-A880-FE41995C9F82
 boot-args~="ncpi=" "!<b>{$setting}</b> = <b>{$value}</b> <b>ncpi=</b> 가 아니라 <b>npci=</b> 가 맞는 값 입니다.":""
 boot-args~="^(?:(?!alcid).)*$" "{$alcbootarg}":""
 boot-args="-v keepsyms=1" " <b>{$setting}</b> = <b>{$value}</b> navi10 GPU 인 경우 추가 <b>agdpmod=pikera</b>":" <b>{$setting}</b> = <b>{$value}</b>"
 run-efi-updater="No"
 csr-active-config~=.* " <b>{$setting}</b> = <b>{$value}</b>"
 nvda_drv~=.* "!<b>{$setting}</b> = <b>{$value}</b> OpenCore v0.5.7 부터 더 이상 사용 되지 않습니다."
 prev-lang:kbd=72752d52553a323532 "-<b>{$setting}</b> = <b>{$value} ({@value})</b>.러시아어를 제외하고 지우세요.":" <b>{$setting}</b> = <b>{$value} ({@value})</b>"
 SystemAudioVolume~="^\d+$" " <b>{$setting}</b> = <b>{$value}</b>":"!<b>{$setting}</b> = <b>{$value}</b> 양수여야 합니다."

PlatformInfo
 Automatic=yes
 UpdateDataHub=yes
 UpdateNVRAM=yes
 UpdateSMBIOS=yes
 UpdateSMBIOSMode=Create

:Generic
 SpoofVendor=yes
 AdviseWindows=no
 SupportsCsm~=.* "!<b>{$setting}</b> OpenCore v0.5.5 부터 <b>AdviseWindows</b> 로 변경 "
 SystemProductName~="(iMacPro1,1|MacPro7,1|MacPro6,1|iMac14,2)" " <b>{$setting}</b> = <b>{$value}</b>":"-<b>{$setting}</b> = <b>{$value}</b> AMD 시스템을 위한 추천 smbios 는 아닙니다. 참고 [PlatformInfo Docs][platforminfo]"
 MLB~="(M000000000001|M0000000000000001)" "!<b>{$setting}</b> 보드 시리얼 용도. 참고 [PlatformInfo Docs][platforminfo]":" <b>{$setting}</b> is set"
 ROM~="(112233000000|112233445566)" "-<b>{$setting}</b> = <b>{$value}</b> NIC MAC address 용도. 참고 [PlatformInfo Docs][platforminfo]":" <b>{$setting}</b> is set"
 SystemSerialNumber=W0000000001 "!<b>{$setting}</b> system serial 넘버 용. 참고 [PlaformInfo Docs][platforminfo]":" <b>{$setting}</b> is set"
 SystemUUID=00000000-0000-0000-0000-000000000000 "!<b>{$setting}</b> SmUUID 용. 참고 [PlaformInfo Docs][platforminfo]":" <b>{$setting}</b> is set"

UEFI
 ConnectDrivers=yes
 Drivers==VBoxHfs.efi|HFSPlus.efi|HfsPlus.efi "$hfs={$value}; <b>{$value}</b>":"!<b>VBoxHfs.efi</b> 또는 <b>HFSPlus.efi</b> 필요"
 Drivers==VBoxHfs.efi|HFSPlus.efi|HfsPlus.efi "!<b>{$value}</b> <b>{$hfs}</b>가 이미 존재합니다."
 Drivers==OpenRuntime.efi " <b>{$value}</b>":"!<b>OpenRuntime.efi</b> 이 없습니다."
 Drivers==FwRuntimeServices.efi "!<b>{$value}</b> OpenCore v0.5.7부터 OpenRuntime.efi 로 대체"
 Drivers==ApfsDriverLoader.efi "!OpenCore v0.5.8 부터 UEFI/APFS section에서 <b>ApfsDriverLoader.efi</b> 와 합쳐짐 "
 Drivers==OpenCore.efi "!<b>OpenCore.efi</b> 는 추가 하지 않습니다!"
 Drivers==AppleUsbKbdxe.efi "!<b>AppleUsbKbdxe.efi</b> 레거시 모드가 아니라면 필요하지 않습니다."
 Drivers==NvmExpressDxe.efi "!<b>NvmExpressDxe.efi</b> 추가 하지 않아야합니다."
 Drivers==XhciDxe.efi "!<b>XhciDxe.efi</b> 추가 하지 않아야합니다."
 Drivers==AppleUsbKbDxe.efi "-<b>AppleUsbKbDxe.efi</b> 추가 하지 않아야합니다."
 Drivers==VirtualSmc.efi "!<b>VirtualSmc.efi</b> 는 <b>AppleSmcIo</b> quirk 값으로 대체 되었습니다."
 Drivers==HiiDatabase.efi "!<b>{$value}</b> 추가 하지 않아야합니다.!"
 Drivers==~^#.* "!<b>{$value}</b> 삭제 </b>#</b>"
 Drivers==* " <b>{$value}</b>"

:APFS
 EnableJumpstart=yes
 HideVerbose=yes
 JumpstartHotPlug=no
 MinDate=0
 MinVersion=0
 GlobalConnect~=.* "<b>{$setting}</b> = <b>{$value}</b>":"!--><b><font colore=red>GlobalConnect</font></b>missing"

:Audio
 AudioSupport~=.* " <b>{$setting}</b> = <b>{$value}</b>"
 AudioDevice~=.* " <b>{$setting}</b> = <b>{$value}</b>"
 AudioCodec~=.* " <b>{$setting}</b> = <b>{$value}</b>"
 AudioOut~=.* " <b>{$setting}</b> = <b>{$value}</b>"
 MinimumVolume~=.* " <b>{$setting}</b> = <b>{$value}</b>"
 PlayChime~=.* " <b>{$setting}</b> = <b>{$value}</b>"
 VolumeAmplifier~=.* " <b>{$setting}</b> = <b>{$value}</b>"

:Input
 KeyFiltering=no
 KeyForgetThreshold=5
 KeyMergeThreshold=2
 KeySupport=yes
 KeySupportMode=Auto
 KeySwap=no
 PointerSupport=no
 PointerSupportMode~=.* " <b>{$setting}</b> = <b>{$value}</b>"
 TimerResolution=50000

:ProtocolOverrides
 count==16 :"!정확히 ProtocolOverrides 의 각 항목 총 16 개의 설정 값을 입력해 두어야 합니다."
 AppleAudio=no
 AppleBootPolicy=no
 AppleDebugLog=no
 AppleEvent=no
 AppleFramebufferInfo~=.* "<b>{$setting}</b> = <b>{$value}</b>":"!--><b><font colore=red>AppleFramebufferInfo</font></b>missing"
 AppleImageConversion=no
 AppleKeyMap=no
 AppleRtcRam=no
 AppleSmcIo=no
 DataHub=no
 DeviceProperties=no
 ConsoleControl~=.* "!<b>{$setting}</b> OpenCore v0.5.6 부터 사용되지 않습니다.  - See UEFI/TextRenderer"
 FirmwareVolume=no
 HashServices=no
 OSInfo=no
 UnicodeCollation=no

:Output
 count==11 :"!정확히 Output 의 각 항목 총 11 개의 설정 값을 입력해 두어야 합니다."
 TextRenderer=BuiltinGraphics
 ConsoleMode=""
 Resolution~=.* " <b>{$setting}</b> = <b>{$value}</b>"
 ClearScreenOnModeSwitch=no
 IgnoreTextInGraphics=no
 ProvideConsoleGop=yes
 DirectGopRendering=no
 DirectGopCacheMode~=.* "!<b>{$setting}</b> OpenCore v0.5.9 부터 사용 되지 않습니다. "
 ReconnectOnResChange=no
 ReplaceTabWithSpace=no
 SanitiseClearScreen~=.* " <b>{$setting}</b> = <b>{$value}</b>"
 Scale~=.* "!<b>{$setting}</b> 추가 하지 않아야 합니다."
 UgaPassThrough~=.* "<b>{$setting}</b> = <b>{$value}</b>":"!--><b><font colore=red>UgaPassThrough</font></b>missing"

:Quirks
 AvoidHighAlloc~=.* "!<b>{$setting}</b> OpenCore v0.5.6 부터 사용 되지 않습니다."
 DeduplicateBootOrder=yes
 ExitBootServicesDelay=0
 IgnoreInvalidFlexRatio=no
 ReconnectOnResChange~=.* "!<b>{$setting}</b> OpenCore v0.5.6 부터 사용 되지 않습니다. - See Output/${setting}"
 IgnoreTextInGraphics~=.* "!<b>{$setting}</b> OpenCore v0.5.6 부터 사용 되지 않습니다. - See Output/${setting}"
 ProvideConsoleGop~=.* "!<b>{$setting}</b> OpenCore v0.5.6 부터 사용 되지 않습니다. - See Output/${setting}"
 ReleaseUsbOwnership=no
 RequestBootVarFallback~=.* "!<b>{$setting}</b> OpenCore v0.5.9 부터 사용 되지 않습니다."
 RequestBootVarRouting=yes
 TscSyncTimeout=0
 ReplaceTabWithSpace~=.* "!<b>{$setting}</b> OpenCore v0.5.6 부터 사용 되지 않습니다. - See Output/${setting}"
 SanitiseClearScreen~=.* "!<b>{$setting}</b> OpenCore v0.5.6 부터 사용 되지 않습니다. - See Output/${setting}"
 ClearScreenOnModeSwitch~=.* "!<b>{$setting}</b> OpenCore v0.5.6 부터 사용 되지 않습니다. - See Output/${setting}"
 UnblockFsConnect=no

:ReservedMemory